19 21 24 27 24 - day02.Direction.Increasing
85 87 89 92 93 96 98 98 - day02.Direction.Increasing
2 5 6 7 8 12 - day02.Direction.Increasing
63 66 69 72 75 82 - day02.Direction.Increasing
73 76 77 80 83 83 84 85 - day02.Direction.Increasing
6 6 9 10 11 13 - day02.Direction.Increasing
50 48 47 46 43 40 43 - day02.Direction.Decreasing
92 89 87 85 84 83 80 80 - day02.Direction.Decreasing
49 46 45 44 43 40 36 - day02.Direction.Decreasing
88 86 84 82 79 73 - day02.Direction.Decreasing
68 65 62 65 60 - day02.Direction.Decreasing
22 21 18 18 15 12 - day02.Direction.Decreasing
11 12 10 8 6 5 - day02.Direction.Decreasing
11 11 10 9 7 4 2 - day02.Direction.Decreasing
18 21 23 24 26 27 26 - day02.Direction.Increasing
17 20 23 24 26 29 32 32 - day02.Direction.Increasing
82 83 85 86 88 90 94 - day02.Direction.Increasing
26 27 28 29 32 39 - day02.Direction.Increasing
43 46 49 49 52 55 57 59 - day02.Direction.Increasing
24 23 26 28 31 33 35 - day02.Direction.Increasing
47 47 50 53 55 58 61 64 - day02.Direction.Increasing
49 47 46 44 43 44 - day02.Direction.Decreasing
83 81 78 75 75 - day02.Direction.Decreasing
13 11 8 6 5 1 - day02.Direction.Decreasing
75 72 69 68 67 65 59 - day02.Direction.Decreasing
34 32 30 31 28 25 22 - day02.Direction.Decreasing
19 17 17 16 14 - day02.Direction.Decreasing
98 96 95 91 92 - day02.Direction.Decreasing
32 34 31 30 28 - day02.Direction.Decreasing
68 68 66 64 63 61 60 59 - day02.Direction.Decreasing
6 8 10 12 13 18 - day02.Direction.Increasing
67 64 63 62 61 59 55 - day02.Direction.Decreasing
90 92 89 87 86 - day02.Direction.Decreasing
35 35 32 31 28 27 25 22 - day02.Direction.Decreasing
51 50 49 48 47 44 44 - day02.Direction.Decreasing
55 52 49 47 45 41 43 - day02.Direction.Decreasing
92 89 87 84 83 80 79 80 - day02.Direction.Decreasing
21 24 25 28 32 - day02.Direction.Increasing
Total number of safe records with error tolerance 1: 445
